2018-11-09 10:23:49,528 [Worker-5: Loading available Gradle versions] INFO  c.g.t.t.d.PublishedGradleVersions - Gradle version information cache is up-to-date. Trying to read.
2018-11-09 10:28:30,572 [Worker-7: Loading available Gradle versions] INFO  c.g.t.t.d.PublishedGradleVersions - Gradle version information cache is up-to-date. Trying to read.
2018-11-09 10:30:54,578 [Worker-6: Loading available Gradle versions] INFO  c.g.t.t.d.PublishedGradleVersions - Gradle version information cache is up-to-date. Trying to read.
2018-11-09 11:07:58,681 [Worker-4: Loading available Gradle versions] INFO  c.g.t.t.d.PublishedGradleVersions - Gradle version information cache is up-to-date. Trying to read.
2018-11-09 11:23:30,259 [Worker-3: Loading available Gradle versions] INFO  c.g.t.t.d.PublishedGradleVersions - Gradle version information cache is up-to-date. Trying to read.
2018-11-12 08:17:27,472 [Worker-0: Loading available Gradle versions] INFO  c.g.t.t.d.PublishedGradleVersions - Gradle version information cache is out-of-date. Trying to update.
2018-11-12 08:17:30,109 [Worker-0: Loading available Gradle versions] INFO  c.g.t.t.d.PublishedGradleVersions - Updating Gradle version information cache failed. Using outdated cache.
2018-11-12 08:23:56,243 [Worker-5: Loading available Gradle versions] INFO  c.g.t.t.d.PublishedGradleVersions - Gradle version information cache is out-of-date. Trying to update.
2018-11-12 08:23:59,260 [Worker-5: Loading available Gradle versions] INFO  c.g.t.t.d.PublishedGradleVersions - Updating Gradle version information cache failed. Using outdated cache.
2018-11-12 08:46:07,560 [Worker-1: Opening snippet repository] ERROR o.e.r.s.GitSnippetRepository - Transport operation failed.
org.eclipse.jgit.api.errors.TransportException: http://git.eclipse.org/gitroot/recommenders/org.eclipse.recommenders.snipmatch.snippets.git: cannot open git-upload-pack
	at org.eclipse.jgit.api.FetchCommand.call(FetchCommand.java:254) ~[org.eclipse.jgit_5.1.0.201809111528-r.jar:5.1.0.201809111528-r]
	at org.eclipse.recommenders.snipmatch.GitSnippetRepository.fetch(GitSnippetRepository.java:198) ~[org.eclipse.recommenders.snipmatch_2.5.4.v20180909-1132.jar:na]
	at org.eclipse.recommenders.snipmatch.GitSnippetRepository.open(GitSnippetRepository.java:91) ~[org.eclipse.recommenders.snipmatch_2.5.4.v20180909-1132.jar:na]
	at org.eclipse.recommenders.internal.snipmatch.rcp.EclipseGitSnippetRepository$2.run(EclipseGitSnippetRepository.java:165) [org.eclipse.recommenders.snipmatch.rcp_2.5.4.v20180909-1132.jar:na]
	at org.eclipse.core.internal.jobs.Worker.run(Worker.java:63) [org.eclipse.core.jobs_3.10.100.v20180817-1215.jar:na]
Caused by: org.eclipse.jgit.errors.TransportException: http://git.eclipse.org/gitroot/recommenders/org.eclipse.recommenders.snipmatch.snippets.git: cannot open git-upload-pack
	at org.eclipse.jgit.transport.TransportHttp.connect(TransportHttp.java:600) ~[org.eclipse.jgit_5.1.0.201809111528-r.jar:5.1.0.201809111528-r]
	at org.eclipse.jgit.transport.TransportHttp.openFetch(TransportHttp.java:362) ~[org.eclipse.jgit_5.1.0.201809111528-r.jar:5.1.0.201809111528-r]
	at org.eclipse.jgit.transport.FetchProcess.executeImp(FetchProcess.java:137) ~[org.eclipse.jgit_5.1.0.201809111528-r.jar:5.1.0.201809111528-r]
	at org.eclipse.jgit.transport.FetchProcess.execute(FetchProcess.java:123) ~[org.eclipse.jgit_5.1.0.201809111528-r.jar:5.1.0.201809111528-r]
	at org.eclipse.jgit.transport.Transport.fetch(Transport.java:1271) ~[org.eclipse.jgit_5.1.0.201809111528-r.jar:5.1.0.201809111528-r]
	at org.eclipse.jgit.api.FetchCommand.call(FetchCommand.java:243) ~[org.eclipse.jgit_5.1.0.201809111528-r.jar:5.1.0.201809111528-r]
	... 4 common frames omitted
Caused by: java.net.UnknownHostException: git.eclipse.org
	at java.net.AbstractPlainSocketImpl.connect(Unknown Source) ~[na:1.8.0_65]
	at java.net.PlainSocketImpl.connect(Unknown Source) ~[na:1.8.0_65]
	at java.net.SocksSocketImpl.connect(Unknown Source) ~[na:1.8.0_65]
	at java.net.Socket.connect(Unknown Source) ~[na:1.8.0_65]
	at sun.net.NetworkClient.doConnect(Unknown Source) ~[na:1.8.0_65]
	at sun.net.www.http.HttpClient.openServer(Unknown Source) ~[na:1.8.0_65]
	at sun.net.www.http.HttpClient.openServer(Unknown Source) ~[na:1.8.0_65]
	at sun.net.www.http.HttpClient.<init>(Unknown Source) ~[na:1.8.0_65]
	at sun.net.www.http.HttpClient.New(Unknown Source) ~[na:1.8.0_65]
	at sun.net.www.http.HttpClient.New(Unknown Source) ~[na:1.8.0_65]
	at sun.net.www.protocol.http.HttpURLConnection.getNewHttpClient(Unknown Source) ~[na:1.8.0_65]
	at sun.net.www.protocol.http.HttpURLConnection.plainConnect0(Unknown Source) ~[na:1.8.0_65]
	at sun.net.www.protocol.http.HttpURLConnection.plainConnect(Unknown Source) ~[na:1.8.0_65]
	at sun.net.www.protocol.http.HttpURLConnection.connect(Unknown Source) ~[na:1.8.0_65]
	at sun.net.www.protocol.http.HttpURLConnection.getInputStream0(Unknown Source) ~[na:1.8.0_65]
	at sun.net.www.protocol.http.HttpURLConnection.getInputStream(Unknown Source) ~[na:1.8.0_65]
	at java.net.HttpURLConnection.getResponseCode(Unknown Source) ~[na:1.8.0_65]
	at org.eclipse.jgit.transport.http.JDKHttpConnection.getResponseCode(JDKHttpConnection.java:108) ~[org.eclipse.jgit_5.1.0.201809111528-r.jar:5.1.0.201809111528-r]
	at org.eclipse.jgit.util.HttpSupport.response(HttpSupport.java:207) ~[org.eclipse.jgit_5.1.0.201809111528-r.jar:5.1.0.201809111528-r]
	at org.eclipse.jgit.transport.TransportHttp.connect(TransportHttp.java:514) ~[org.eclipse.jgit_5.1.0.201809111528-r.jar:5.1.0.201809111528-r]
	... 9 common frames omitted
2018-11-14 13:37:43,727 [Worker-0: Loading available Gradle versions] INFO  c.g.t.t.d.PublishedGradleVersions - Gradle version information cache is out-of-date. Trying to update.
2018-11-14 13:37:45,599 [Worker-0: Loading available Gradle versions] INFO  c.g.t.t.d.PublishedGradleVersions - Updating Gradle version information cache failed. Using outdated cache.
2018-11-14 13:56:59,538 [Worker-20: Opening snippet repository] ERROR o.e.r.s.GitSnippetRepository - Transport operation failed.
org.eclipse.jgit.api.errors.TransportException: http://git.eclipse.org/gitroot/recommenders/org.eclipse.recommenders.snipmatch.snippets.git: cannot open git-upload-pack
	at org.eclipse.jgit.api.FetchCommand.call(FetchCommand.java:254) ~[org.eclipse.jgit_5.1.0.201809111528-r.jar:5.1.0.201809111528-r]
	at org.eclipse.recommenders.snipmatch.GitSnippetRepository.fetch(GitSnippetRepository.java:198) ~[org.eclipse.recommenders.snipmatch_2.5.4.v20180909-1132.jar:na]
	at org.eclipse.recommenders.snipmatch.GitSnippetRepository.open(GitSnippetRepository.java:91) ~[org.eclipse.recommenders.snipmatch_2.5.4.v20180909-1132.jar:na]
	at org.eclipse.recommenders.internal.snipmatch.rcp.EclipseGitSnippetRepository$2.run(EclipseGitSnippetRepository.java:165) [org.eclipse.recommenders.snipmatch.rcp_2.5.4.v20180909-1132.jar:na]
	at org.eclipse.core.internal.jobs.Worker.run(Worker.java:63) [org.eclipse.core.jobs_3.10.100.v20180817-1215.jar:na]
Caused by: org.eclipse.jgit.errors.TransportException: http://git.eclipse.org/gitroot/recommenders/org.eclipse.recommenders.snipmatch.snippets.git: cannot open git-upload-pack
	at org.eclipse.jgit.transport.TransportHttp.connect(TransportHttp.java:600) ~[org.eclipse.jgit_5.1.0.201809111528-r.jar:5.1.0.201809111528-r]
	at org.eclipse.jgit.transport.TransportHttp.openFetch(TransportHttp.java:362) ~[org.eclipse.jgit_5.1.0.201809111528-r.jar:5.1.0.201809111528-r]
	at org.eclipse.jgit.transport.FetchProcess.executeImp(FetchProcess.java:137) ~[org.eclipse.jgit_5.1.0.201809111528-r.jar:5.1.0.201809111528-r]
	at org.eclipse.jgit.transport.FetchProcess.execute(FetchProcess.java:123) ~[org.eclipse.jgit_5.1.0.201809111528-r.jar:5.1.0.201809111528-r]
	at org.eclipse.jgit.transport.Transport.fetch(Transport.java:1271) ~[org.eclipse.jgit_5.1.0.201809111528-r.jar:5.1.0.201809111528-r]
	at org.eclipse.jgit.api.FetchCommand.call(FetchCommand.java:243) ~[org.eclipse.jgit_5.1.0.201809111528-r.jar:5.1.0.201809111528-r]
	... 4 common frames omitted
Caused by: java.net.UnknownHostException: git.eclipse.org
	at java.net.AbstractPlainSocketImpl.connect(Unknown Source) ~[na:1.8.0_65]
	at java.net.PlainSocketImpl.connect(Unknown Source) ~[na:1.8.0_65]
	at java.net.SocksSocketImpl.connect(Unknown Source) ~[na:1.8.0_65]
	at java.net.Socket.connect(Unknown Source) ~[na:1.8.0_65]
	at sun.net.NetworkClient.doConnect(Unknown Source) ~[na:1.8.0_65]
	at sun.net.www.http.HttpClient.openServer(Unknown Source) ~[na:1.8.0_65]
	at sun.net.www.http.HttpClient.openServer(Unknown Source) ~[na:1.8.0_65]
	at sun.net.www.http.HttpClient.<init>(Unknown Source) ~[na:1.8.0_65]
	at sun.net.www.http.HttpClient.New(Unknown Source) ~[na:1.8.0_65]
	at sun.net.www.http.HttpClient.New(Unknown Source) ~[na:1.8.0_65]
	at sun.net.www.protocol.http.HttpURLConnection.getNewHttpClient(Unknown Source) ~[na:1.8.0_65]
	at sun.net.www.protocol.http.HttpURLConnection.plainConnect0(Unknown Source) ~[na:1.8.0_65]
	at sun.net.www.protocol.http.HttpURLConnection.plainConnect(Unknown Source) ~[na:1.8.0_65]
	at sun.net.www.protocol.http.HttpURLConnection.connect(Unknown Source) ~[na:1.8.0_65]
	at sun.net.www.protocol.http.HttpURLConnection.getInputStream0(Unknown Source) ~[na:1.8.0_65]
	at sun.net.www.protocol.http.HttpURLConnection.getInputStream(Unknown Source) ~[na:1.8.0_65]
	at java.net.HttpURLConnection.getResponseCode(Unknown Source) ~[na:1.8.0_65]
	at org.eclipse.jgit.transport.http.JDKHttpConnection.getResponseCode(JDKHttpConnection.java:108) ~[org.eclipse.jgit_5.1.0.201809111528-r.jar:5.1.0.201809111528-r]
	at org.eclipse.jgit.util.HttpSupport.response(HttpSupport.java:207) ~[org.eclipse.jgit_5.1.0.201809111528-r.jar:5.1.0.201809111528-r]
	at org.eclipse.jgit.transport.TransportHttp.connect(TransportHttp.java:514) ~[org.eclipse.jgit_5.1.0.201809111528-r.jar:5.1.0.201809111528-r]
	... 9 common frames omitted
2018-11-14 14:58:47,892 [Worker-3: Loading available Gradle versions] INFO  c.g.t.t.d.PublishedGradleVersions - Gradle version information cache is up-to-date. Trying to read.
2018-11-16 10:19:23,984 [Worker-6: Loading available Gradle versions] INFO  c.g.t.t.d.PublishedGradleVersions - Gradle version information cache is up-to-date. Trying to read.
2018-11-16 10:38:17,007 [main] INFO  o.e.r.s.GitSnippetRepository - Failed to parse query
org.apache.lucene.queryParser.ParseException: Cannot parse '{': Encountered "<EOF>" at line 1, column 1.
Was expecting one of:
    <RANGEEX_QUOTED> ...
    <RANGEEX_GOOP> ...
    
	at org.apache.lucene.queryParser.QueryParser.parse(QueryParser.java:211) ~[org.apache.lucene.core_3.5.0.v20120725-1805.jar:3.5.0 1204988 - simon - 2011-11-22 14:46:51]
	at org.eclipse.recommenders.snipmatch.FileSnippetRepository.searchSnippetFiles(FileSnippetRepository.java:350) [org.eclipse.recommenders.snipmatch_2.5.4.v20180909-1132.jar:na]
	at org.eclipse.recommenders.snipmatch.FileSnippetRepository.doSearch(FileSnippetRepository.java:327) [org.eclipse.recommenders.snipmatch_2.5.4.v20180909-1132.jar:na]
	at org.eclipse.recommenders.snipmatch.FileSnippetRepository.search(FileSnippetRepository.java:309) [org.eclipse.recommenders.snipmatch_2.5.4.v20180909-1132.jar:na]
	at org.eclipse.recommenders.internal.snipmatch.rcp.EclipseGitSnippetRepository.search(EclipseGitSnippetRepository.java:283) [org.eclipse.recommenders.snipmatch.rcp_2.5.4.v20180909-1132.jar:na]
	at org.eclipse.recommenders.internal.snipmatch.rcp.completion.AbstractContentAssistProcessor.computeCompletionProposals(AbstractContentAssistProcessor.java:154) [org.eclipse.recommenders.snipmatch.rcp_2.5.4.v20180909-1132.jar:na]
	at org.eclipse.jface.text.contentassist.ContentAssistant$2.lambda$0(ContentAssistant.java:2012) [org.eclipse.jface.text_3.14.0.v20180824-1140.jar:na]
	at java.util.Collections$SingletonSet.forEach(Unknown Source) ~[na:1.8.0_65]
	at org.eclipse.jface.text.contentassist.ContentAssistant$2.run(ContentAssistant.java:2011) [org.eclipse.jface.text_3.14.0.v20180824-1140.jar:na]
	at org.eclipse.core.runtime.SafeRunner.run(SafeRunner.java:45) ~[org.eclipse.equinox.common_3.10.100.v20180827-1235.jar:na]
	at org.eclipse.jface.text.contentassist.ContentAssistant.computeCompletionProposals(ContentAssistant.java:2008) ~[org.eclipse.jface.text_3.14.0.v20180824-1140.jar:na]
	at org.eclipse.jface.text.contentassist.CompletionProposalPopup.computeProposals(CompletionProposalPopup.java:561) ~[org.eclipse.jface.text_3.14.0.v20180824-1140.jar:na]
	at org.eclipse.jface.text.contentassist.CompletionProposalPopup.lambda$1(CompletionProposalPopup.java:1612) ~[org.eclipse.jface.text_3.14.0.v20180824-1140.jar:na]
	at org.eclipse.swt.custom.BusyIndicator.showWhile(BusyIndicator.java:72) ~[org.eclipse.swt.win32.win32.x86_64_3.108.0.v20180904-1901.jar:na]
	at org.eclipse.jface.text.contentassist.CompletionProposalPopup.incrementalComplete(CompletionProposalPopup.java:1607) ~[org.eclipse.jface.text_3.14.0.v20180824-1140.jar:na]
	at org.eclipse.jface.text.contentassist.ContentAssistant.showPossibleCompletions(ContentAssistant.java:1821) ~[org.eclipse.jface.text_3.14.0.v20180824-1140.jar:na]
	at org.eclipse.recommenders.internal.snipmatch.rcp.completion.SnipmatchCompletionEngine$6.modifyText(SnipmatchCompletionEngine.java:252) ~[na:na]
	at org.eclipse.swt.widgets.TypedListener.handleEvent(TypedListener.java:183) ~[org.eclipse.swt.win32.win32.x86_64_3.108.0.v20180904-1901.jar:na]
	at org.eclipse.swt.widgets.EventTable.sendEvent(EventTable.java:89) ~[org.eclipse.swt.win32.win32.x86_64_3.108.0.v20180904-1901.jar:na]
	at org.eclipse.swt.widgets.Display.sendEvent(Display.java:4145) ~[org.eclipse.swt.win32.win32.x86_64_3.108.0.v20180904-1901.jar:na]
	at org.eclipse.swt.widgets.Widget.sendEvent(Widget.java:1055) ~[org.eclipse.swt.win32.win32.x86_64_3.108.0.v20180904-1901.jar:na]
	at org.eclipse.swt.widgets.Widget.sendEvent(Widget.java:1079) ~[org.eclipse.swt.win32.win32.x86_64_3.108.0.v20180904-1901.jar:na]
	at org.eclipse.swt.widgets.Widget.sendEvent(Widget.java:1064) ~[org.eclipse.swt.win32.win32.x86_64_3.108.0.v20180904-1901.jar:na]
	at org.eclipse.swt.widgets.Widget.notifyListeners(Widget.java:778) ~[org.eclipse.swt.win32.win32.x86_64_3.108.0.v20180904-1901.jar:na]
	at org.eclipse.swt.custom.StyledText.modifyContent(StyledText.java:7374) ~[org.eclipse.swt.win32.win32.x86_64_3.108.0.v20180904-1901.jar:na]
	at org.eclipse.swt.custom.StyledText.sendKeyEvent(StyledText.java:8230) ~[org.eclipse.swt.win32.win32.x86_64_3.108.0.v20180904-1901.jar:na]
	at org.eclipse.swt.custom.StyledText.doContent(StyledText.java:2502) ~[org.eclipse.swt.win32.win32.x86_64_3.108.0.v20180904-1901.jar:na]
	at org.eclipse.swt.custom.StyledText.handleKey(StyledText.java:6014) ~[org.eclipse.swt.win32.win32.x86_64_3.108.0.v20180904-1901.jar:na]
	at org.eclipse.swt.custom.StyledText.handleKeyDown(StyledText.java:6045) ~[org.eclipse.swt.win32.win32.x86_64_3.108.0.v20180904-1901.jar:na]
	at org.eclipse.swt.custom.StyledText.lambda$1(StyledText.java:5743) ~[org.eclipse.swt.win32.win32.x86_64_3.108.0.v20180904-1901.jar:na]
	at org.eclipse.swt.widgets.EventTable.sendEvent(EventTable.java:89) ~[org.eclipse.swt.win32.win32.x86_64_3.108.0.v20180904-1901.jar:na]
	at org.eclipse.swt.widgets.Display.sendEvent(Display.java:4145) ~[org.eclipse.swt.win32.win32.x86_64_3.108.0.v20180904-1901.jar:na]
	at org.eclipse.swt.widgets.Widget.sendEvent(Widget.java:1055) ~[org.eclipse.swt.win32.win32.x86_64_3.108.0.v20180904-1901.jar:na]
	at org.eclipse.swt.widgets.Widget.sendEvent(Widget.java:1079) ~[org.eclipse.swt.win32.win32.x86_64_3.108.0.v20180904-1901.jar:na]
	at org.eclipse.swt.widgets.Widget.sendEvent(Widget.java:1064) ~[org.eclipse.swt.win32.win32.x86_64_3.108.0.v20180904-1901.jar:na]
	at org.eclipse.swt.widgets.Widget.sendKeyEvent(Widget.java:1106) ~[org.eclipse.swt.win32.win32.x86_64_3.108.0.v20180904-1901.jar:na]
	at org.eclipse.swt.widgets.Widget.sendKeyEvent(Widget.java:1102) ~[org.eclipse.swt.win32.win32.x86_64_3.108.0.v20180904-1901.jar:na]
	at org.eclipse.swt.widgets.Widget.wmChar(Widget.java:1489) ~[org.eclipse.swt.win32.win32.x86_64_3.108.0.v20180904-1901.jar:na]
	at org.eclipse.swt.widgets.Control.WM_CHAR(Control.java:4888) ~[org.eclipse.swt.win32.win32.x86_64_3.108.0.v20180904-1901.jar:na]
	at org.eclipse.swt.widgets.Canvas.WM_CHAR(Canvas.java:353) ~[org.eclipse.swt.win32.win32.x86_64_3.108.0.v20180904-1901.jar:na]
	at org.eclipse.swt.widgets.Control.windowProc(Control.java:4768) ~[org.eclipse.swt.win32.win32.x86_64_3.108.0.v20180904-1901.jar:na]
	at org.eclipse.swt.widgets.Canvas.windowProc(Canvas.java:348) ~[org.eclipse.swt.win32.win32.x86_64_3.108.0.v20180904-1901.jar:na]
	at org.eclipse.swt.widgets.Display.windowProc(Display.java:4784) ~[org.eclipse.swt.win32.win32.x86_64_3.108.0.v20180904-1901.jar:na]
	at org.eclipse.swt.internal.win32.OS.DispatchMessageW(Native Method) ~[org.eclipse.swt.win32.win32.x86_64_3.108.0.v20180904-1901.jar:na]
	at org.eclipse.swt.internal.win32.OS.DispatchMessage(OS.java:2309) ~[org.eclipse.swt.win32.win32.x86_64_3.108.0.v20180904-1901.jar:na]
	at org.eclipse.swt.widgets.Display.readAndDispatch(Display.java:3559) ~[org.eclipse.swt.win32.win32.x86_64_3.108.0.v20180904-1901.jar:na]
	at org.eclipse.e4.ui.internal.workbench.swt.PartRenderingEngine$5.run(PartRenderingEngine.java:1173) ~[na:na]
	at org.eclipse.core.databinding.observable.Realm.runWithDefault(Realm.java:339) ~[na:na]
	at org.eclipse.e4.ui.internal.workbench.swt.PartRenderingEngine.run(PartRenderingEngine.java:1062) ~[na:na]
	at org.eclipse.e4.ui.internal.workbench.E4Workbench.createAndRunUI(E4Workbench.java:156) ~[na:na]
	at org.eclipse.ui.internal.Workbench.lambda$3(Workbench.java:628) ~[na:na]
	at org.eclipse.core.databinding.observable.Realm.runWithDefault(Realm.java:339) ~[na:na]
	at org.eclipse.ui.internal.Workbench.createAndRunWorkbench(Workbench.java:563) ~[na:na]
	at org.eclipse.ui.PlatformUI.createAndRunWorkbench(PlatformUI.java:151) ~[na:na]
	at org.eclipse.ui.internal.ide.application.IDEApplication.start(IDEApplication.java:155) ~[na:na]
	at org.eclipse.equinox.internal.app.EclipseAppHandle.run(EclipseAppHandle.java:199) ~[org.eclipse.equinox.app_1.3.600.v20180827-1235.jar:na]
	at org.eclipse.core.runtime.internal.adaptor.EclipseAppLauncher.runApplication(EclipseAppLauncher.java:137) ~[org.eclipse.osgi_3.13.100.v20180827-1536.jar:na]
	at org.eclipse.core.runtime.internal.adaptor.EclipseAppLauncher.start(EclipseAppLauncher.java:107) ~[org.eclipse.osgi_3.13.100.v20180827-1536.jar:na]
	at org.eclipse.core.runtime.adaptor.EclipseStarter.run(EclipseStarter.java:391) ~[org.eclipse.osgi_3.13.100.v20180827-1536.jar:na]
	at org.eclipse.core.runtime.adaptor.EclipseStarter.run(EclipseStarter.java:246) ~[org.eclipse.osgi_3.13.100.v20180827-1536.jar:na]
	at sun.reflect.NativeMethodAccessorImpl.invoke0(Native Method) ~[na:1.8.0_65]
	at sun.reflect.NativeMethodAccessorImpl.invoke(Unknown Source) ~[na:1.8.0_65]
	at sun.reflect.DelegatingMethodAccessorImpl.invoke(Unknown Source) ~[na:1.8.0_65]
	at java.lang.reflect.Method.invoke(Unknown Source) ~[na:1.8.0_65]
	at org.eclipse.equinox.launcher.Main.invokeFramework(Main.java:659) ~[org.eclipse.equinox.launcher_1.5.100.v20180827-1352.jar:na]
	at org.eclipse.equinox.launcher.Main.basicRun(Main.java:595) ~[org.eclipse.equinox.launcher_1.5.100.v20180827-1352.jar:na]
	at org.eclipse.equinox.launcher.Main.run(Main.java:1501) ~[org.eclipse.equinox.launcher_1.5.100.v20180827-1352.jar:na]
Caused by: org.apache.lucene.queryParser.ParseException: Encountered "<EOF>" at line 1, column 1.
Was expecting one of:
    <RANGEEX_QUOTED> ...
    <RANGEEX_GOOP> ...
    
	at org.apache.lucene.queryParser.QueryParser.generateParseException(QueryParser.java:1818) ~[org.apache.lucene.core_3.5.0.v20120725-1805.jar:3.5.0 1204988 - simon - 2011-11-22 14:46:51]
	at org.apache.lucene.queryParser.QueryParser.jj_consume_token(QueryParser.java:1700) ~[org.apache.lucene.core_3.5.0.v20120725-1805.jar:3.5.0 1204988 - simon - 2011-11-22 14:46:51]
	at org.apache.lucene.queryParser.QueryParser.Term(QueryParser.java:1487) ~[org.apache.lucene.core_3.5.0.v20120725-1805.jar:3.5.0 1204988 - simon - 2011-11-22 14:46:51]
	at org.apache.lucene.queryParser.QueryParser.Clause(QueryParser.java:1309) ~[org.apache.lucene.core_3.5.0.v20120725-1805.jar:3.5.0 1204988 - simon - 2011-11-22 14:46:51]
	at org.apache.lucene.queryParser.QueryParser.Query(QueryParser.java:1237) ~[org.apache.lucene.core_3.5.0.v20120725-1805.jar:3.5.0 1204988 - simon - 2011-11-22 14:46:51]
	at org.apache.lucene.queryParser.QueryParser.TopLevelQuery(QueryParser.java:1226) ~[org.apache.lucene.core_3.5.0.v20120725-1805.jar:3.5.0 1204988 - simon - 2011-11-22 14:46:51]
	at org.apache.lucene.queryParser.QueryParser.parse(QueryParser.java:206) ~[org.apache.lucene.core_3.5.0.v20120725-1805.jar:3.5.0 1204988 - simon - 2011-11-22 14:46:51]
	... 66 common frames omitted
2018-11-16 10:46:10,691 [main] INFO  o.e.r.s.GitSnippetRepository - Failed to parse query
org.apache.lucene.queryParser.ParseException: Cannot parse '{': Encountered "<EOF>" at line 1, column 1.
Was expecting one of:
    <RANGEEX_QUOTED> ...
    <RANGEEX_GOOP> ...
    
	at org.apache.lucene.queryParser.QueryParser.parse(QueryParser.java:211) ~[org.apache.lucene.core_3.5.0.v20120725-1805.jar:3.5.0 1204988 - simon - 2011-11-22 14:46:51]
	at org.eclipse.recommenders.snipmatch.FileSnippetRepository.searchSnippetFiles(FileSnippetRepository.java:350) [org.eclipse.recommenders.snipmatch_2.5.4.v20180909-1132.jar:na]
	at org.eclipse.recommenders.snipmatch.FileSnippetRepository.doSearch(FileSnippetRepository.java:327) [org.eclipse.recommenders.snipmatch_2.5.4.v20180909-1132.jar:na]
	at org.eclipse.recommenders.snipmatch.FileSnippetRepository.search(FileSnippetRepository.java:309) [org.eclipse.recommenders.snipmatch_2.5.4.v20180909-1132.jar:na]
	at org.eclipse.recommenders.internal.snipmatch.rcp.EclipseGitSnippetRepository.search(EclipseGitSnippetRepository.java:283) [org.eclipse.recommenders.snipmatch.rcp_2.5.4.v20180909-1132.jar:na]
	at org.eclipse.recommenders.internal.snipmatch.rcp.completion.AbstractContentAssistProcessor.computeCompletionProposals(AbstractContentAssistProcessor.java:154) [org.eclipse.recommenders.snipmatch.rcp_2.5.4.v20180909-1132.jar:na]
	at org.eclipse.jface.text.contentassist.ContentAssistant$2.lambda$0(ContentAssistant.java:2012) [org.eclipse.jface.text_3.14.0.v20180824-1140.jar:na]
	at java.util.Collections$SingletonSet.forEach(Unknown Source) ~[na:1.8.0_65]
	at org.eclipse.jface.text.contentassist.ContentAssistant$2.run(ContentAssistant.java:2011) [org.eclipse.jface.text_3.14.0.v20180824-1140.jar:na]
	at org.eclipse.core.runtime.SafeRunner.run(SafeRunner.java:45) ~[org.eclipse.equinox.common_3.10.100.v20180827-1235.jar:na]
	at org.eclipse.jface.text.contentassist.ContentAssistant.computeCompletionProposals(ContentAssistant.java:2008) ~[org.eclipse.jface.text_3.14.0.v20180824-1140.jar:na]
	at org.eclipse.jface.text.contentassist.CompletionProposalPopup.computeProposals(CompletionProposalPopup.java:561) ~[org.eclipse.jface.text_3.14.0.v20180824-1140.jar:na]
	at org.eclipse.jface.text.contentassist.CompletionProposalPopup.lambda$1(CompletionProposalPopup.java:1612) ~[org.eclipse.jface.text_3.14.0.v20180824-1140.jar:na]
	at org.eclipse.swt.custom.BusyIndicator.showWhile(BusyIndicator.java:72) ~[org.eclipse.swt.win32.win32.x86_64_3.108.0.v20180904-1901.jar:na]
	at org.eclipse.jface.text.contentassist.CompletionProposalPopup.incrementalComplete(CompletionProposalPopup.java:1607) ~[org.eclipse.jface.text_3.14.0.v20180824-1140.jar:na]
	at org.eclipse.jface.text.contentassist.ContentAssistant.showPossibleCompletions(ContentAssistant.java:1821) ~[org.eclipse.jface.text_3.14.0.v20180824-1140.jar:na]
	at org.eclipse.recommenders.internal.snipmatch.rcp.completion.SnipmatchCompletionEngine$6.modifyText(SnipmatchCompletionEngine.java:252) ~[na:na]
	at org.eclipse.swt.widgets.TypedListener.handleEvent(TypedListener.java:183) ~[org.eclipse.swt.win32.win32.x86_64_3.108.0.v20180904-1901.jar:na]
	at org.eclipse.swt.widgets.EventTable.sendEvent(EventTable.java:89) ~[org.eclipse.swt.win32.win32.x86_64_3.108.0.v20180904-1901.jar:na]
	at org.eclipse.swt.widgets.Display.sendEvent(Display.java:4145) ~[org.eclipse.swt.win32.win32.x86_64_3.108.0.v20180904-1901.jar:na]
	at org.eclipse.swt.widgets.Widget.sendEvent(Widget.java:1055) ~[org.eclipse.swt.win32.win32.x86_64_3.108.0.v20180904-1901.jar:na]
	at org.eclipse.swt.widgets.Widget.sendEvent(Widget.java:1079) ~[org.eclipse.swt.win32.win32.x86_64_3.108.0.v20180904-1901.jar:na]
	at org.eclipse.swt.widgets.Widget.sendEvent(Widget.java:1064) ~[org.eclipse.swt.win32.win32.x86_64_3.108.0.v20180904-1901.jar:na]
	at org.eclipse.swt.widgets.Widget.notifyListeners(Widget.java:778) ~[org.eclipse.swt.win32.win32.x86_64_3.108.0.v20180904-1901.jar:na]
	at org.eclipse.swt.custom.StyledText.modifyContent(StyledText.java:7374) ~[org.eclipse.swt.win32.win32.x86_64_3.108.0.v20180904-1901.jar:na]
	at org.eclipse.swt.custom.StyledText.sendKeyEvent(StyledText.java:8230) ~[org.eclipse.swt.win32.win32.x86_64_3.108.0.v20180904-1901.jar:na]
	at org.eclipse.swt.custom.StyledText.doContent(StyledText.java:2502) ~[org.eclipse.swt.win32.win32.x86_64_3.108.0.v20180904-1901.jar:na]
	at org.eclipse.swt.custom.StyledText.handleKey(StyledText.java:6014) ~[org.eclipse.swt.win32.win32.x86_64_3.108.0.v20180904-1901.jar:na]
	at org.eclipse.swt.custom.StyledText.handleKeyDown(StyledText.java:6045) ~[org.eclipse.swt.win32.win32.x86_64_3.108.0.v20180904-1901.jar:na]
	at org.eclipse.swt.custom.StyledText.lambda$1(StyledText.java:5743) ~[org.eclipse.swt.win32.win32.x86_64_3.108.0.v20180904-1901.jar:na]
	at org.eclipse.swt.widgets.EventTable.sendEvent(EventTable.java:89) ~[org.eclipse.swt.win32.win32.x86_64_3.108.0.v20180904-1901.jar:na]
	at org.eclipse.swt.widgets.Display.sendEvent(Display.java:4145) ~[org.eclipse.swt.win32.win32.x86_64_3.108.0.v20180904-1901.jar:na]
	at org.eclipse.swt.widgets.Widget.sendEvent(Widget.java:1055) ~[org.eclipse.swt.win32.win32.x86_64_3.108.0.v20180904-1901.jar:na]
	at org.eclipse.swt.widgets.Widget.sendEvent(Widget.java:1079) ~[org.eclipse.swt.win32.win32.x86_64_3.108.0.v20180904-1901.jar:na]
	at org.eclipse.swt.widgets.Widget.sendEvent(Widget.java:1064) ~[org.eclipse.swt.win32.win32.x86_64_3.108.0.v20180904-1901.jar:na]
	at org.eclipse.swt.widgets.Widget.sendKeyEvent(Widget.java:1106) ~[org.eclipse.swt.win32.win32.x86_64_3.108.0.v20180904-1901.jar:na]
	at org.eclipse.swt.widgets.Widget.sendKeyEvent(Widget.java:1102) ~[org.eclipse.swt.win32.win32.x86_64_3.108.0.v20180904-1901.jar:na]
	at org.eclipse.swt.widgets.Widget.wmChar(Widget.java:1489) ~[org.eclipse.swt.win32.win32.x86_64_3.108.0.v20180904-1901.jar:na]
	at org.eclipse.swt.widgets.Control.WM_CHAR(Control.java:4888) ~[org.eclipse.swt.win32.win32.x86_64_3.108.0.v20180904-1901.jar:na]
	at org.eclipse.swt.widgets.Canvas.WM_CHAR(Canvas.java:353) ~[org.eclipse.swt.win32.win32.x86_64_3.108.0.v20180904-1901.jar:na]
	at org.eclipse.swt.widgets.Control.windowProc(Control.java:4768) ~[org.eclipse.swt.win32.win32.x86_64_3.108.0.v20180904-1901.jar:na]
	at org.eclipse.swt.widgets.Canvas.windowProc(Canvas.java:348) ~[org.eclipse.swt.win32.win32.x86_64_3.108.0.v20180904-1901.jar:na]
	at org.eclipse.swt.widgets.Display.windowProc(Display.java:4784) ~[org.eclipse.swt.win32.win32.x86_64_3.108.0.v20180904-1901.jar:na]
	at org.eclipse.swt.internal.win32.OS.DispatchMessageW(Native Method) ~[org.eclipse.swt.win32.win32.x86_64_3.108.0.v20180904-1901.jar:na]
	at org.eclipse.swt.internal.win32.OS.DispatchMessage(OS.java:2309) ~[org.eclipse.swt.win32.win32.x86_64_3.108.0.v20180904-1901.jar:na]
	at org.eclipse.swt.widgets.Display.readAndDispatch(Display.java:3559) ~[org.eclipse.swt.win32.win32.x86_64_3.108.0.v20180904-1901.jar:na]
	at org.eclipse.e4.ui.internal.workbench.swt.PartRenderingEngine$5.run(PartRenderingEngine.java:1173) ~[na:na]
	at org.eclipse.core.databinding.observable.Realm.runWithDefault(Realm.java:339) ~[na:na]
	at org.eclipse.e4.ui.internal.workbench.swt.PartRenderingEngine.run(PartRenderingEngine.java:1062) ~[na:na]
	at org.eclipse.e4.ui.internal.workbench.E4Workbench.createAndRunUI(E4Workbench.java:156) ~[na:na]
	at org.eclipse.ui.internal.Workbench.lambda$3(Workbench.java:628) ~[na:na]
	at org.eclipse.core.databinding.observable.Realm.runWithDefault(Realm.java:339) ~[na:na]
	at org.eclipse.ui.internal.Workbench.createAndRunWorkbench(Workbench.java:563) ~[na:na]
	at org.eclipse.ui.PlatformUI.createAndRunWorkbench(PlatformUI.java:151) ~[na:na]
	at org.eclipse.ui.internal.ide.application.IDEApplication.start(IDEApplication.java:155) ~[na:na]
	at org.eclipse.equinox.internal.app.EclipseAppHandle.run(EclipseAppHandle.java:199) ~[org.eclipse.equinox.app_1.3.600.v20180827-1235.jar:na]
	at org.eclipse.core.runtime.internal.adaptor.EclipseAppLauncher.runApplication(EclipseAppLauncher.java:137) ~[org.eclipse.osgi_3.13.100.v20180827-1536.jar:na]
	at org.eclipse.core.runtime.internal.adaptor.EclipseAppLauncher.start(EclipseAppLauncher.java:107) ~[org.eclipse.osgi_3.13.100.v20180827-1536.jar:na]
	at org.eclipse.core.runtime.adaptor.EclipseStarter.run(EclipseStarter.java:391) ~[org.eclipse.osgi_3.13.100.v20180827-1536.jar:na]
	at org.eclipse.core.runtime.adaptor.EclipseStarter.run(EclipseStarter.java:246) ~[org.eclipse.osgi_3.13.100.v20180827-1536.jar:na]
	at sun.reflect.NativeMethodAccessorImpl.invoke0(Native Method) ~[na:1.8.0_65]
	at sun.reflect.NativeMethodAccessorImpl.invoke(Unknown Source) ~[na:1.8.0_65]
	at sun.reflect.DelegatingMethodAccessorImpl.invoke(Unknown Source) ~[na:1.8.0_65]
	at java.lang.reflect.Method.invoke(Unknown Source) ~[na:1.8.0_65]
	at org.eclipse.equinox.launcher.Main.invokeFramework(Main.java:659) ~[org.eclipse.equinox.launcher_1.5.100.v20180827-1352.jar:na]
	at org.eclipse.equinox.launcher.Main.basicRun(Main.java:595) ~[org.eclipse.equinox.launcher_1.5.100.v20180827-1352.jar:na]
	at org.eclipse.equinox.launcher.Main.run(Main.java:1501) ~[org.eclipse.equinox.launcher_1.5.100.v20180827-1352.jar:na]
Caused by: org.apache.lucene.queryParser.ParseException: Encountered "<EOF>" at line 1, column 1.
Was expecting one of:
    <RANGEEX_QUOTED> ...
    <RANGEEX_GOOP> ...
    
	at org.apache.lucene.queryParser.QueryParser.generateParseException(QueryParser.java:1818) ~[org.apache.lucene.core_3.5.0.v20120725-1805.jar:3.5.0 1204988 - simon - 2011-11-22 14:46:51]
	at org.apache.lucene.queryParser.QueryParser.jj_consume_token(QueryParser.java:1700) ~[org.apache.lucene.core_3.5.0.v20120725-1805.jar:3.5.0 1204988 - simon - 2011-11-22 14:46:51]
	at org.apache.lucene.queryParser.QueryParser.Term(QueryParser.java:1487) ~[org.apache.lucene.core_3.5.0.v20120725-1805.jar:3.5.0 1204988 - simon - 2011-11-22 14:46:51]
	at org.apache.lucene.queryParser.QueryParser.Clause(QueryParser.java:1309) ~[org.apache.lucene.core_3.5.0.v20120725-1805.jar:3.5.0 1204988 - simon - 2011-11-22 14:46:51]
	at org.apache.lucene.queryParser.QueryParser.Query(QueryParser.java:1237) ~[org.apache.lucene.core_3.5.0.v20120725-1805.jar:3.5.0 1204988 - simon - 2011-11-22 14:46:51]
	at org.apache.lucene.queryParser.QueryParser.TopLevelQuery(QueryParser.java:1226) ~[org.apache.lucene.core_3.5.0.v20120725-1805.jar:3.5.0 1204988 - simon - 2011-11-22 14:46:51]
	at org.apache.lucene.queryParser.QueryParser.parse(QueryParser.java:206) ~[org.apache.lucene.core_3.5.0.v20120725-1805.jar:3.5.0 1204988 - simon - 2011-11-22 14:46:51]
	... 66 common frames omitted
2018-11-19 08:20:24,183 [Worker-5: Loading available Gradle versions] INFO  c.g.t.t.d.PublishedGradleVersions - Gradle version information cache is out-of-date. Trying to update.
2018-11-23 16:13:34,697 [Worker-5: Loading available Gradle versions] INFO  c.g.t.t.d.PublishedGradleVersions - Gradle version information cache is up-to-date. Trying to read.
2018-11-23 20:51:19,710 [Worker-6: Loading available Gradle versions] INFO  c.g.t.t.d.PublishedGradleVersions - Gradle version information cache is up-to-date. Trying to read.
2018-12-03 19:39:52,697 [Worker-1: Loading available Gradle versions] INFO  c.g.t.t.d.PublishedGradleVersions - Gradle version information cache is out-of-date. Trying to update.
2018-12-08 13:59:51,089 [Worker-6: Loading available Gradle versions] INFO  c.g.t.t.d.PublishedGradleVersions - Gradle version information cache is out-of-date. Trying to update.
2018-12-08 14:11:22,750 [Worker-4: Loading available Gradle versions] INFO  c.g.t.t.d.PublishedGradleVersions - Gradle version information cache is up-to-date. Trying to read.
2018-12-08 17:18:35,477 [Worker-14: Loading available Gradle versions] INFO  c.g.t.t.d.PublishedGradleVersions - Gradle version information cache is up-to-date. Trying to read.
2018-12-08 18:38:04,313 [Worker-1: Loading available Gradle versions] INFO  c.g.t.t.d.PublishedGradleVersions - Gradle version information cache is up-to-date. Trying to read.
2018-12-08 20:34:41,901 [Worker-19: Loading available Gradle versions] INFO  c.g.t.t.d.PublishedGradleVersions - Gradle version information cache is up-to-date. Trying to read.
